17:17:33 DEBUG : Logs will be stored at 'C:/Users/tyxiong2/Desktop/lab6_1/workspace/IDE.log'.
17:17:36 INFO  : Launching XSCT server: xsct.bat -n  -interactive C:\Users\tyxiong2\Desktop\lab6_1\workspace\temp_xsdb_launch_script.tcl
17:17:36 INFO  : Registering command handlers for Vitis TCF services
17:17:37 INFO  : Platform repository initialization has completed.
17:17:39 INFO  : XSCT server has started successfully.
17:17:39 INFO  : plnx-install-location is set to ''
17:17:39 INFO  : Successfully done setting XSCT server connection channel  
17:17:39 INFO  : Successfully done query RDI_DATADIR 
17:17:39 INFO  : Successfully done setting workspace for the tool. 
17:18:13 INFO  : Result from executing command 'getProjects': mb_intro_top
17:18:13 INFO  : Result from executing command 'getPlatforms': xilinx_vck190_base_202220_1|C:/Xilinx/Vitis/2022.2/base_platforms/xilinx_vck190_base_202220_1/xilinx_vck190_base_202220_1.xpfm;xilinx_vck190_base_dfx_202220_1|C:/Xilinx/Vitis/2022.2/base_platforms/xilinx_vck190_base_dfx_202220_1/xilinx_vck190_base_dfx_202220_1.xpfm;xilinx_vmk180_base_202220_1|C:/Xilinx/Vitis/2022.2/base_platforms/xilinx_vmk180_base_202220_1/xilinx_vmk180_base_202220_1.xpfm;xilinx_zcu102_base_202220_1|C:/Xilinx/Vitis/2022.2/base_platforms/xilinx_zcu102_base_202220_1/xilinx_zcu102_base_202220_1.xpfm;xilinx_zcu102_base_dfx_202220_1|C:/Xilinx/Vitis/2022.2/base_platforms/xilinx_zcu102_base_dfx_202220_1/xilinx_zcu102_base_dfx_202220_1.xpfm;xilinx_zcu104_base_202220_1|C:/Xilinx/Vitis/2022.2/base_platforms/xilinx_zcu104_base_202220_1/xilinx_zcu104_base_202220_1.xpfm
17:18:14 WARN  : An unexpected exception occurred in the module 'platform project logging'
17:18:15 INFO  : Platform 'mb_intro_top' is added to custom repositories.
17:18:17 INFO  : Platform 'mb_intro_top' is added to custom repositories.
17:19:50 INFO  : Result from executing command 'getProjects': mb_intro_top
17:19:50 INFO  : Result from executing command 'getPlatforms': mb_intro_top|C:/Users/tyxiong2/Desktop/lab6_1/workspace/mb_intro_top/export/mb_intro_top/mb_intro_top.xpfm;xilinx_vck190_base_202220_1|C:/Xilinx/Vitis/2022.2/base_platforms/xilinx_vck190_base_202220_1/xilinx_vck190_base_202220_1.xpfm;xilinx_vck190_base_dfx_202220_1|C:/Xilinx/Vitis/2022.2/base_platforms/xilinx_vck190_base_dfx_202220_1/xilinx_vck190_base_dfx_202220_1.xpfm;xilinx_vmk180_base_202220_1|C:/Xilinx/Vitis/2022.2/base_platforms/xilinx_vmk180_base_202220_1/xilinx_vmk180_base_202220_1.xpfm;xilinx_zcu102_base_202220_1|C:/Xilinx/Vitis/2022.2/base_platforms/xilinx_zcu102_base_202220_1/xilinx_zcu102_base_202220_1.xpfm;xilinx_zcu102_base_dfx_202220_1|C:/Xilinx/Vitis/2022.2/base_platforms/xilinx_zcu102_base_dfx_202220_1/xilinx_zcu102_base_dfx_202220_1.xpfm;xilinx_zcu104_base_202220_1|C:/Xilinx/Vitis/2022.2/base_platforms/xilinx_zcu104_base_202220_1/xilinx_zcu104_base_202220_1.xpfm
17:19:51 INFO  : Checking for BSP changes to sync application flags for project 'accum'...
17:20:40 INFO  : Checking for BSP changes to sync application flags for project 'accum'...
17:21:05 INFO  : Checking for BSP changes to sync application flags for project 'accum'...
17:23:11 INFO  : Checking for BSP changes to sync application flags for project 'accum'...
17:23:24 INFO  : Checking for BSP changes to sync application flags for project 'accum'...
17:24:02 INFO  : Connected to target on host '127.0.0.1' and port '3121'.
17:24:02 INFO  : Jtag cable 'RealDigital Boo 8874292301F4A' is selected.
17:24:02 INFO  : 'jtag frequency' command is executed.
17:24:02 INFO  : 'targets -set -filter {jtag_cable_name =~ "RealDigital Boo 8874292301F4A" && level==0 && jtag_device_ctx=="jsn1-0362f093-0"}' command is executed.
17:24:03 INFO  : Device configured successfully with "C:/Users/tyxiong2/Desktop/lab6_1/workspace/accum/_ide/bitstream/mb_intro_top.bit"
17:24:04 INFO  : Context for processor 'microblaze_0' is selected.
17:24:04 INFO  : Hardware design and registers information is loaded from 'C:/Users/tyxiong2/Desktop/lab6_1/workspace/mb_intro_top/export/mb_intro_top/hw/mb_intro_top.xsa'.
17:24:04 INFO  : 'configparams mdm-detect-bscan-mask 2' command is executed.
17:24:04 INFO  : Context for processor 'microblaze_0' is selected.
17:24:04 INFO  : System reset is completed.
17:24:07 INFO  : 'after 3000' command is executed.
17:24:07 INFO  : Context for processor 'microblaze_0' is selected.
17:24:07 INFO  : The application 'C:/Users/tyxiong2/Desktop/lab6_1/workspace/accum/Debug/accum.elf' is downloaded to processor 'microblaze_0'.
17:24:07 INFO  : ----------------XSDB Script----------------
connect -url tcp:127.0.0.1:3121
targets -set -filter {jtag_cable_name =~ "RealDigital Boo 8874292301F4A" && level==0 && jtag_device_ctx=="jsn1-0362f093-0"}
fpga -file C:/Users/tyxiong2/Desktop/lab6_1/workspace/accum/_ide/bitstream/mb_intro_top.bit
targets -set -nocase -filter {name =~ "*microblaze*#0" && bscan=="USER2" }
loadhw -hw C:/Users/tyxiong2/Desktop/lab6_1/workspace/mb_intro_top/export/mb_intro_top/hw/mb_intro_top.xsa -regs
configparams mdm-detect-bscan-mask 2
targets -set -nocase -filter {name =~ "*microblaze*#0" && bscan=="USER2" }
rst -system
after 3000
targets -set -nocase -filter {name =~ "*microblaze*#0" && bscan=="USER2" }
dow C:/Users/tyxiong2/Desktop/lab6_1/workspace/accum/Debug/accum.elf
----------------End of Script----------------

17:24:07 INFO  : Context for processor 'microblaze_0' is selected.
17:24:07 INFO  : 'con' command is executed.
17:24:07 INFO  : ----------------XSDB Script (After Launch)----------------
targets -set -nocase -filter {name =~ "*microblaze*#0" && bscan=="USER2" }
con
----------------End of Script----------------

17:24:07 INFO  : Disconnected from the channel tcfchan#2.
17:25:45 INFO  : Checking for BSP changes to sync application flags for project 'accum'...
17:27:06 INFO  : Checking for BSP changes to sync application flags for project 'accum'...
17:27:15 INFO  : Connected to target on host '127.0.0.1' and port '3121'.
17:27:15 INFO  : Jtag cable 'RealDigital Boo 8874292301F4A' is selected.
17:27:15 INFO  : 'jtag frequency' command is executed.
17:27:15 INFO  : 'targets -set -filter {jtag_cable_name =~ "RealDigital Boo 8874292301F4A" && level==0 && jtag_device_ctx=="jsn1-0362f093-0"}' command is executed.
17:27:16 INFO  : Device configured successfully with "C:/Users/tyxiong2/Desktop/lab6_1/workspace/accum/_ide/bitstream/mb_intro_top.bit"
17:27:16 INFO  : Context for processor 'microblaze_0' is selected.
17:27:16 INFO  : Hardware design and registers information is loaded from 'C:/Users/tyxiong2/Desktop/lab6_1/workspace/mb_intro_top/export/mb_intro_top/hw/mb_intro_top.xsa'.
17:27:16 INFO  : 'configparams mdm-detect-bscan-mask 2' command is executed.
17:27:16 INFO  : Context for processor 'microblaze_0' is selected.
17:27:16 INFO  : System reset is completed.
17:27:19 INFO  : 'after 3000' command is executed.
17:27:19 INFO  : Context for processor 'microblaze_0' is selected.
17:27:19 INFO  : The application 'C:/Users/tyxiong2/Desktop/lab6_1/workspace/accum/Debug/accum.elf' is downloaded to processor 'microblaze_0'.
17:27:19 INFO  : ----------------XSDB Script----------------
connect -url tcp:127.0.0.1:3121
targets -set -filter {jtag_cable_name =~ "RealDigital Boo 8874292301F4A" && level==0 && jtag_device_ctx=="jsn1-0362f093-0"}
fpga -file C:/Users/tyxiong2/Desktop/lab6_1/workspace/accum/_ide/bitstream/mb_intro_top.bit
targets -set -nocase -filter {name =~ "*microblaze*#0" && bscan=="USER2" }
loadhw -hw C:/Users/tyxiong2/Desktop/lab6_1/workspace/mb_intro_top/export/mb_intro_top/hw/mb_intro_top.xsa -regs
configparams mdm-detect-bscan-mask 2
targets -set -nocase -filter {name =~ "*microblaze*#0" && bscan=="USER2" }
rst -system
after 3000
targets -set -nocase -filter {name =~ "*microblaze*#0" && bscan=="USER2" }
dow C:/Users/tyxiong2/Desktop/lab6_1/workspace/accum/Debug/accum.elf
----------------End of Script----------------

17:27:19 INFO  : Context for processor 'microblaze_0' is selected.
17:27:19 INFO  : 'con' command is executed.
17:27:19 INFO  : ----------------XSDB Script (After Launch)----------------
targets -set -nocase -filter {name =~ "*microblaze*#0" && bscan=="USER2" }
con
----------------End of Script----------------

17:27:19 INFO  : Disconnected from the channel tcfchan#3.
17:30:09 INFO  : Checking for BSP changes to sync application flags for project 'accum'...
17:30:21 INFO  : Connected to target on host '127.0.0.1' and port '3121'.
17:30:21 INFO  : Jtag cable 'RealDigital Boo 8874292301F4A' is selected.
17:30:21 INFO  : 'jtag frequency' command is executed.
17:30:21 INFO  : 'targets -set -filter {jtag_cable_name =~ "RealDigital Boo 8874292301F4A" && level==0 && jtag_device_ctx=="jsn1-0362f093-0"}' command is executed.
17:30:22 INFO  : Device configured successfully with "C:/Users/tyxiong2/Desktop/lab6_1/workspace/accum/_ide/bitstream/mb_intro_top.bit"
17:30:22 INFO  : Context for processor 'microblaze_0' is selected.
17:30:22 INFO  : Hardware design and registers information is loaded from 'C:/Users/tyxiong2/Desktop/lab6_1/workspace/mb_intro_top/export/mb_intro_top/hw/mb_intro_top.xsa'.
17:30:22 INFO  : 'configparams mdm-detect-bscan-mask 2' command is executed.
17:30:22 INFO  : Context for processor 'microblaze_0' is selected.
17:30:22 INFO  : System reset is completed.
17:30:25 INFO  : 'after 3000' command is executed.
17:30:25 INFO  : Context for processor 'microblaze_0' is selected.
17:30:25 INFO  : The application 'C:/Users/tyxiong2/Desktop/lab6_1/workspace/accum/Debug/accum.elf' is downloaded to processor 'microblaze_0'.
17:30:25 INFO  : ----------------XSDB Script----------------
connect -url tcp:127.0.0.1:3121
targets -set -filter {jtag_cable_name =~ "RealDigital Boo 8874292301F4A" && level==0 && jtag_device_ctx=="jsn1-0362f093-0"}
fpga -file C:/Users/tyxiong2/Desktop/lab6_1/workspace/accum/_ide/bitstream/mb_intro_top.bit
targets -set -nocase -filter {name =~ "*microblaze*#0" && bscan=="USER2" }
loadhw -hw C:/Users/tyxiong2/Desktop/lab6_1/workspace/mb_intro_top/export/mb_intro_top/hw/mb_intro_top.xsa -regs
configparams mdm-detect-bscan-mask 2
targets -set -nocase -filter {name =~ "*microblaze*#0" && bscan=="USER2" }
rst -system
after 3000
targets -set -nocase -filter {name =~ "*microblaze*#0" && bscan=="USER2" }
dow C:/Users/tyxiong2/Desktop/lab6_1/workspace/accum/Debug/accum.elf
----------------End of Script----------------

17:30:25 INFO  : Context for processor 'microblaze_0' is selected.
17:30:25 INFO  : 'con' command is executed.
17:30:25 INFO  : ----------------XSDB Script (After Launch)----------------
targets -set -nocase -filter {name =~ "*microblaze*#0" && bscan=="USER2" }
con
----------------End of Script----------------

17:30:25 INFO  : Disconnected from the channel tcfchan#4.
17:32:08 INFO  : Checking for BSP changes to sync application flags for project 'accum'...
17:32:19 INFO  : Connected to target on host '127.0.0.1' and port '3121'.
17:32:19 INFO  : Jtag cable 'RealDigital Boo 8874292301F4A' is selected.
17:32:19 INFO  : 'jtag frequency' command is executed.
17:32:19 INFO  : 'targets -set -filter {jtag_cable_name =~ "RealDigital Boo 8874292301F4A" && level==0 && jtag_device_ctx=="jsn1-0362f093-0"}' command is executed.
17:32:20 INFO  : Device configured successfully with "C:/Users/tyxiong2/Desktop/lab6_1/workspace/accum/_ide/bitstream/mb_intro_top.bit"
17:32:20 INFO  : Context for processor 'microblaze_0' is selected.
17:32:20 INFO  : Hardware design and registers information is loaded from 'C:/Users/tyxiong2/Desktop/lab6_1/workspace/mb_intro_top/export/mb_intro_top/hw/mb_intro_top.xsa'.
17:32:20 INFO  : 'configparams mdm-detect-bscan-mask 2' command is executed.
17:32:20 INFO  : Context for processor 'microblaze_0' is selected.
17:32:20 INFO  : System reset is completed.
17:32:23 INFO  : 'after 3000' command is executed.
17:32:23 INFO  : Context for processor 'microblaze_0' is selected.
17:32:23 INFO  : The application 'C:/Users/tyxiong2/Desktop/lab6_1/workspace/accum/Debug/accum.elf' is downloaded to processor 'microblaze_0'.
17:32:23 INFO  : ----------------XSDB Script----------------
connect -url tcp:127.0.0.1:3121
targets -set -filter {jtag_cable_name =~ "RealDigital Boo 8874292301F4A" && level==0 && jtag_device_ctx=="jsn1-0362f093-0"}
fpga -file C:/Users/tyxiong2/Desktop/lab6_1/workspace/accum/_ide/bitstream/mb_intro_top.bit
targets -set -nocase -filter {name =~ "*microblaze*#0" && bscan=="USER2" }
loadhw -hw C:/Users/tyxiong2/Desktop/lab6_1/workspace/mb_intro_top/export/mb_intro_top/hw/mb_intro_top.xsa -regs
configparams mdm-detect-bscan-mask 2
targets -set -nocase -filter {name =~ "*microblaze*#0" && bscan=="USER2" }
rst -system
after 3000
targets -set -nocase -filter {name =~ "*microblaze*#0" && bscan=="USER2" }
dow C:/Users/tyxiong2/Desktop/lab6_1/workspace/accum/Debug/accum.elf
----------------End of Script----------------

17:32:23 INFO  : Context for processor 'microblaze_0' is selected.
17:32:23 INFO  : 'con' command is executed.
17:32:23 INFO  : ----------------XSDB Script (After Launch)----------------
targets -set -nocase -filter {name =~ "*microblaze*#0" && bscan=="USER2" }
con
----------------End of Script----------------

17:32:23 INFO  : Disconnected from the channel tcfchan#5.
