
*** Running vivado
    with args -log hdmi_tx_0.vds -m64 -product Vivado -mode batch -messageDb vivado.pb -notrace -source hdmi_tx_0.tcl



****** Vivado v2022.2 (64-bit)
  **** SW Build 3671981 on Fri Oct 14 05:00:03 MDT 2022
  **** IP Build 3669848 on Fri Oct 14 08:30:02 MDT 2022
    ** Copyright 1986-2022 Xilinx, Inc. All Rights Reserved.

source hdmi_tx_0.tcl -notrace
INFO: [IP_Flow 19-234] Refreshing IP repositories
WARNING: [IP_Flow 19-2248] Failed to load user IP repository 'c:/Users/tyxiong2/Downloads/hdmi_tx_1.0'; Can't find the specified path.
If this directory should no longer be in your list of user repositories, go to the IP Settings dialog and remove it.
INFO: [IP_Flow 19-1700] Loaded user IP repository 'c:/Users/tyxiong2/Desktop/ece385_labs/lab6_1/hdmi_tx_1.0'.
INFO: [IP_Flow 19-2313] Loaded Vivado IP repository 'C:/Xilinx/Vivado/2022.2/data/ip'.
INFO: [IP_Flow 19-6924] IPCACHE: Running cache check for IP inst: hdmi_tx_0
Command: synth_design -top hdmi_tx_0 -part xc7s50csga324-1 -incremental_mode off -mode out_of_context
Starting synth_design
Attempting to get a license for feature 'Synthesis' and/or device 'xc7s50'
INFO: [Common 17-349] Got license for feature 'Synthesis' and/or device 'xc7s50'
INFO: [Device 21-403] Loading part xc7s50csga324-1
INFO: [Synth 8-7079] Multithreading enabled for synth_design using a maximum of 2 processes.
INFO: [Synth 8-7078] Launching helper process for spawning children vivado processes
INFO: [Synth 8-7075] Helper process launched with PID 62240
INFO: [Synth 8-11241] undeclared symbol 'REGCCE', assumed default net type 'wire' [C:/Xilinx/Vivado/2022.2/data/verilog/src/unimacro/BRAM_SINGLE_MACRO.v:2170]
WARNING: [Synth 8-11065] parameter 'CTRLTOKEN0' becomes localparam in 'encode' with formal parameter declaration list [c:/Users/tyxiong2/Desktop/ece385_labs/lab6_1/lab6_1.gen/sources_1/ip/hdmi_tx_0/hdl/encode.v:145]
WARNING: [Synth 8-11065] parameter 'CTRLTOKEN1' becomes localparam in 'encode' with formal parameter declaration list [c:/Users/tyxiong2/Desktop/ece385_labs/lab6_1/lab6_1.gen/sources_1/ip/hdmi_tx_0/hdl/encode.v:146]
WARNING: [Synth 8-11065] parameter 'CTRLTOKEN2' becomes localparam in 'encode' with formal parameter declaration list [c:/Users/tyxiong2/Desktop/ece385_labs/lab6_1/lab6_1.gen/sources_1/ip/hdmi_tx_0/hdl/encode.v:147]
WARNING: [Synth 8-11065] parameter 'CTRLTOKEN3' becomes localparam in 'encode' with formal parameter declaration list [c:/Users/tyxiong2/Desktop/ece385_labs/lab6_1/lab6_1.gen/sources_1/ip/hdmi_tx_0/hdl/encode.v:148]
---------------------------------------------------------------------------------
Starting RTL Elaboration : Time (s): cpu = 00:00:03 ; elapsed = 00:00:04 . Memory (MB): peak = 1816.484 ; gain = 408.867
---------------------------------------------------------------------------------
INFO: [Synth 8-6157] synthesizing module 'hdmi_tx_0' [c:/Users/tyxiong2/Desktop/ece385_labs/lab6_1/lab6_1.gen/sources_1/ip/hdmi_tx_0/synth/hdmi_tx_0.v:53]
INFO: [Synth 8-6157] synthesizing module 'hdmi_tx_v1_0' [c:/Users/tyxiong2/Desktop/ece385_labs/lab6_1/lab6_1.gen/sources_1/ip/hdmi_tx_0/hdl/hdmi_tx_v1_0.v:70]
INFO: [Synth 8-6157] synthesizing module 'srldelay' [c:/Users/tyxiong2/Desktop/ece385_labs/lab6_1/lab6_1.gen/sources_1/ip/hdmi_tx_0/hdl/srldelay.v:70]
INFO: [Synth 8-6157] synthesizing module 'SRL16E' [C:/Xilinx/Vivado/2022.2/scripts/rt/data/unisim_comp.v:131644]
INFO: [Synth 8-6155] done synthesizing module 'SRL16E' (0#1) [C:/Xilinx/Vivado/2022.2/scripts/rt/data/unisim_comp.v:131644]
INFO: [Synth 8-6155] done synthesizing module 'srldelay' (0#1) [c:/Users/tyxiong2/Desktop/ece385_labs/lab6_1/lab6_1.gen/sources_1/ip/hdmi_tx_0/hdl/srldelay.v:70]
INFO: [Synth 8-6157] synthesizing module 'encode' [c:/Users/tyxiong2/Desktop/ece385_labs/lab6_1/lab6_1.gen/sources_1/ip/hdmi_tx_0/hdl/encode.v:79]
INFO: [Synth 8-6155] done synthesizing module 'encode' (0#1) [c:/Users/tyxiong2/Desktop/ece385_labs/lab6_1/lab6_1.gen/sources_1/ip/hdmi_tx_0/hdl/encode.v:79]
INFO: [Synth 8-6157] synthesizing module 'encode__parameterized0' [c:/Users/tyxiong2/Desktop/ece385_labs/lab6_1/lab6_1.gen/sources_1/ip/hdmi_tx_0/hdl/encode.v:79]
INFO: [Synth 8-6155] done synthesizing module 'encode__parameterized0' (0#1) [c:/Users/tyxiong2/Desktop/ece385_labs/lab6_1/lab6_1.gen/sources_1/ip/hdmi_tx_0/hdl/encode.v:79]
INFO: [Synth 8-6157] synthesizing module 'encode__parameterized1' [c:/Users/tyxiong2/Desktop/ece385_labs/lab6_1/lab6_1.gen/sources_1/ip/hdmi_tx_0/hdl/encode.v:79]
INFO: [Synth 8-6155] done synthesizing module 'encode__parameterized1' (0#1) [c:/Users/tyxiong2/Desktop/ece385_labs/lab6_1/lab6_1.gen/sources_1/ip/hdmi_tx_0/hdl/encode.v:79]
INFO: [Synth 8-6157] synthesizing module 'serdes_10_to_1' [c:/Users/tyxiong2/Desktop/ece385_labs/lab6_1/lab6_1.gen/sources_1/ip/hdmi_tx_0/hdl/serdes_10_to_1.v:43]
INFO: [Synth 8-6157] synthesizing module 'OSERDESE2' [C:/Xilinx/Vivado/2022.2/scripts/rt/data/unisim_comp.v:94875]
INFO: [Synth 8-6155] done synthesizing module 'OSERDESE2' (0#1) [C:/Xilinx/Vivado/2022.2/scripts/rt/data/unisim_comp.v:94875]
INFO: [Synth 8-6157] synthesizing module 'OSERDESE2__parameterized0' [C:/Xilinx/Vivado/2022.2/scripts/rt/data/unisim_comp.v:94875]
INFO: [Synth 8-6155] done synthesizing module 'OSERDESE2__parameterized0' (0#1) [C:/Xilinx/Vivado/2022.2/scripts/rt/data/unisim_comp.v:94875]
INFO: [Synth 8-6155] done synthesizing module 'serdes_10_to_1' (0#1) [c:/Users/tyxiong2/Desktop/ece385_labs/lab6_1/lab6_1.gen/sources_1/ip/hdmi_tx_0/hdl/serdes_10_to_1.v:43]
INFO: [Synth 8-6157] synthesizing module 'OBUFDS' [C:/Xilinx/Vivado/2022.2/scripts/rt/data/unisim_comp.v:90676]
INFO: [Synth 8-6155] done synthesizing module 'OBUFDS' (0#1) [C:/Xilinx/Vivado/2022.2/scripts/rt/data/unisim_comp.v:90676]
INFO: [Synth 8-6155] done synthesizing module 'hdmi_tx_v1_0' (0#1) [c:/Users/tyxiong2/Desktop/ece385_labs/lab6_1/lab6_1.gen/sources_1/ip/hdmi_tx_0/hdl/hdmi_tx_v1_0.v:70]
INFO: [Synth 8-6155] done synthesizing module 'hdmi_tx_0' (0#1) [c:/Users/tyxiong2/Desktop/ece385_labs/lab6_1/lab6_1.gen/sources_1/ip/hdmi_tx_0/synth/hdmi_tx_0.v:53]
WARNING: [Synth 8-6014] Unused sequential element ade_q_reg was removed.  [c:/Users/tyxiong2/Desktop/ece385_labs/lab6_1/lab6_1.gen/sources_1/ip/hdmi_tx_0/hdl/encode.v:174]
WARNING: [Synth 8-6014] Unused sequential element ade_reg_reg was removed.  [c:/Users/tyxiong2/Desktop/ece385_labs/lab6_1/lab6_1.gen/sources_1/ip/hdmi_tx_0/hdl/encode.v:175]
WARNING: [Synth 8-6014] Unused sequential element ade_reg_q_reg was removed.  [c:/Users/tyxiong2/Desktop/ece385_labs/lab6_1/lab6_1.gen/sources_1/ip/hdmi_tx_0/hdl/encode.v:176]
WARNING: [Synth 8-6014] Unused sequential element ade_reg_qq_reg was removed.  [c:/Users/tyxiong2/Desktop/ece385_labs/lab6_1/lab6_1.gen/sources_1/ip/hdmi_tx_0/hdl/encode.v:177]
WARNING: [Synth 8-6014] Unused sequential element adin_q_reg was removed.  [c:/Users/tyxiong2/Desktop/ece385_labs/lab6_1/lab6_1.gen/sources_1/ip/hdmi_tx_0/hdl/encode.v:184]
WARNING: [Synth 8-6014] Unused sequential element adin_reg_reg was removed.  [c:/Users/tyxiong2/Desktop/ece385_labs/lab6_1/lab6_1.gen/sources_1/ip/hdmi_tx_0/hdl/encode.v:185]
WARNING: [Synth 8-6014] Unused sequential element ade_q_reg was removed.  [c:/Users/tyxiong2/Desktop/ece385_labs/lab6_1/lab6_1.gen/sources_1/ip/hdmi_tx_0/hdl/encode.v:174]
WARNING: [Synth 8-6014] Unused sequential element ade_reg_reg was removed.  [c:/Users/tyxiong2/Desktop/ece385_labs/lab6_1/lab6_1.gen/sources_1/ip/hdmi_tx_0/hdl/encode.v:175]
WARNING: [Synth 8-6014] Unused sequential element ade_reg_q_reg was removed.  [c:/Users/tyxiong2/Desktop/ece385_labs/lab6_1/lab6_1.gen/sources_1/ip/hdmi_tx_0/hdl/encode.v:176]
WARNING: [Synth 8-6014] Unused sequential element ade_reg_qq_reg was removed.  [c:/Users/tyxiong2/Desktop/ece385_labs/lab6_1/lab6_1.gen/sources_1/ip/hdmi_tx_0/hdl/encode.v:177]
WARNING: [Synth 8-6014] Unused sequential element adin_q_reg was removed.  [c:/Users/tyxiong2/Desktop/ece385_labs/lab6_1/lab6_1.gen/sources_1/ip/hdmi_tx_0/hdl/encode.v:184]
WARNING: [Synth 8-6014] Unused sequential element adin_reg_reg was removed.  [c:/Users/tyxiong2/Desktop/ece385_labs/lab6_1/lab6_1.gen/sources_1/ip/hdmi_tx_0/hdl/encode.v:185]
WARNING: [Synth 8-6014] Unused sequential element ade_q_reg was removed.  [c:/Users/tyxiong2/Desktop/ece385_labs/lab6_1/lab6_1.gen/sources_1/ip/hdmi_tx_0/hdl/encode.v:174]
WARNING: [Synth 8-6014] Unused sequential element ade_reg_reg was removed.  [c:/Users/tyxiong2/Desktop/ece385_labs/lab6_1/lab6_1.gen/sources_1/ip/hdmi_tx_0/hdl/encode.v:175]
WARNING: [Synth 8-6014] Unused sequential element ade_reg_q_reg was removed.  [c:/Users/tyxiong2/Desktop/ece385_labs/lab6_1/lab6_1.gen/sources_1/ip/hdmi_tx_0/hdl/encode.v:176]
WARNING: [Synth 8-6014] Unused sequential element ade_reg_qq_reg was removed.  [c:/Users/tyxiong2/Desktop/ece385_labs/lab6_1/lab6_1.gen/sources_1/ip/hdmi_tx_0/hdl/encode.v:177]
WARNING: [Synth 8-6014] Unused sequential element adin_q_reg was removed.  [c:/Users/tyxiong2/Desktop/ece385_labs/lab6_1/lab6_1.gen/sources_1/ip/hdmi_tx_0/hdl/encode.v:184]
WARNING: [Synth 8-6014] Unused sequential element adin_reg_reg was removed.  [c:/Users/tyxiong2/Desktop/ece385_labs/lab6_1/lab6_1.gen/sources_1/ip/hdmi_tx_0/hdl/encode.v:185]
WARNING: [Synth 8-7129] Port adin[3] in module encode__parameterized1 is either unconnected or has no load
WARNING: [Synth 8-7129] Port adin[2] in module encode__parameterized1 is either unconnected or has no load
WARNING: [Synth 8-7129] Port adin[1] in module encode__parameterized1 is either unconnected or has no load
WARNING: [Synth 8-7129] Port adin[0] in module encode__parameterized1 is either unconnected or has no load
WARNING: [Synth 8-7129] Port ade in module encode__parameterized1 is either unconnected or has no load
WARNING: [Synth 8-7129] Port adin[3] in module encode__parameterized0 is either unconnected or has no load
WARNING: [Synth 8-7129] Port adin[2] in module encode__parameterized0 is either unconnected or has no load
WARNING: [Synth 8-7129] Port adin[1] in module encode__parameterized0 is either unconnected or has no load
WARNING: [Synth 8-7129] Port adin[0] in module encode__parameterized0 is either unconnected or has no load
WARNING: [Synth 8-7129] Port ade in module encode__parameterized0 is either unconnected or has no load
WARNING: [Synth 8-7129] Port adin[3] in module encode is either unconnected or has no load
WARNING: [Synth 8-7129] Port adin[2] in module encode is either unconnected or has no load
WARNING: [Synth 8-7129] Port adin[1] in module encode is either unconnected or has no load
WARNING: [Synth 8-7129] Port adin[0] in module encode is either unconnected or has no load
WARNING: [Synth 8-7129] Port ade in module encode is either unconnected or has no load
---------------------------------------------------------------------------------
Finished RTL Elaboration : Time (s): cpu = 00:00:04 ; elapsed = 00:00:06 . Memory (MB): peak = 1916.137 ; gain = 508.520
---------------------------------------------------------------------------------
---------------------------------------------------------------------------------
Start Handling Custom Attributes
---------------------------------------------------------------------------------
---------------------------------------------------------------------------------
Finished Handling Custom Attributes : Time (s): cpu = 00:00:04 ; elapsed = 00:00:06 . Memory (MB): peak = 1916.137 ; gain = 508.520
---------------------------------------------------------------------------------
---------------------------------------------------------------------------------
Finished RTL Optimization Phase 1 : Time (s): cpu = 00:00:04 ; elapsed = 00:00:06 . Memory (MB): peak = 1916.137 ; gain = 508.520
---------------------------------------------------------------------------------
Netlist sorting complete. Time (s): cpu = 00:00:00 ; elapsed = 00:00:00.005 . Memory (MB): peak = 1916.137 ; gain = 0.000
INFO: [Netlist 29-17] Analyzing 4 Unisim elements for replacement
INFO: [Netlist 29-28] Unisim Transformation completed in 0 CPU seconds
INFO: [Project 1-570] Preparing netlist for logic optimization

Processing XDC Constraints
Initializing timing engine
Completed Processing XDC Constraints

Netlist sorting complete. Time (s): cpu = 00:00:00 ; elapsed = 00:00:00 . Memory (MB): peak = 1996.992 ; gain = 0.000
INFO: [Project 1-111] Unisim Transformation Summary:
No Unisim elements were transformed.

Constraint Validation Runtime : Time (s): cpu = 00:00:00 ; elapsed = 00:00:00.023 . Memory (MB): peak = 1997.023 ; gain = 0.031
INFO: [Designutils 20-5008] Incremental synthesis strategy off
INFO: [Synth 8-11241] undeclared symbol 'REGCCE', assumed default net type 'wire' [C:/Xilinx/Vivado/2022.2/data/verilog/src/unimacro/BRAM_SINGLE_MACRO.v:2170]
---------------------------------------------------------------------------------
Finished Constraint Validation : Time (s): cpu = 00:00:09 ; elapsed = 00:00:11 . Memory (MB): peak = 1997.023 ; gain = 589.406
---------------------------------------------------------------------------------
---------------------------------------------------------------------------------
Start Loading Part and Timing Information
---------------------------------------------------------------------------------
Loading part: xc7s50csga324-1
---------------------------------------------------------------------------------
Finished Loading Part and Timing Information : Time (s): cpu = 00:00:09 ; elapsed = 00:00:11 . Memory (MB): peak = 1997.023 ; gain = 589.406
---------------------------------------------------------------------------------
---------------------------------------------------------------------------------
Start Applying 'set_property' XDC Constraints
---------------------------------------------------------------------------------
---------------------------------------------------------------------------------
Finished applying 'set_property' XDC Constraints : Time (s): cpu = 00:00:09 ; elapsed = 00:00:11 . Memory (MB): peak = 1997.023 ; gain = 589.406
---------------------------------------------------------------------------------
---------------------------------------------------------------------------------
Finished RTL Optimization Phase 2 : Time (s): cpu = 00:00:10 ; elapsed = 00:00:12 . Memory (MB): peak = 1997.023 ; gain = 589.406
---------------------------------------------------------------------------------
---------------------------------------------------------------------------------
Start RTL Component Statistics 
---------------------------------------------------------------------------------
Detailed RTL Component Info : 
+---Adders : 
	   5 Input    5 Bit       Adders := 6     
	   4 Input    5 Bit       Adders := 3     
	   8 Input    4 Bit       Adders := 6     
	   2 Input    4 Bit       Adders := 3     
+---XORs : 
	   2 Input      1 Bit         XORs := 42    
+---Registers : 
	               10 Bit    Registers := 3     
	                9 Bit    Registers := 3     
	                8 Bit    Registers := 3     
	                5 Bit    Registers := 3     
	                4 Bit    Registers := 9     
	                1 Bit    Registers := 18    
+---Muxes : 
	   5 Input   10 Bit        Muxes := 3     
	   2 Input   10 Bit        Muxes := 6     
	   2 Input    8 Bit        Muxes := 3     
	   2 Input    5 Bit        Muxes := 12    
	   2 Input    4 Bit        Muxes := 3     
	   2 Input    1 Bit        Muxes := 21    
---------------------------------------------------------------------------------
Finished RTL Component Statistics 
---------------------------------------------------------------------------------
---------------------------------------------------------------------------------
Start Part Resource Summary
---------------------------------------------------------------------------------
Part Resources:
DSPs: 120 (col length:60)
BRAMs: 150 (col length: RAMB18 60 RAMB36 30)
---------------------------------------------------------------------------------
Finished Part Resource Summary
---------------------------------------------------------------------------------
---------------------------------------------------------------------------------
Start Cross Boundary and Area Optimization
---------------------------------------------------------------------------------
WARNING: [Synth 8-7080] Parallel synthesis criteria is not met
---------------------------------------------------------------------------------
Finished Cross Boundary and Area Optimization : Time (s): cpu = 00:00:13 ; elapsed = 00:00:15 . Memory (MB): peak = 1997.023 ; gain = 589.406
---------------------------------------------------------------------------------
---------------------------------------------------------------------------------
Start Applying XDC Timing Constraints
---------------------------------------------------------------------------------
---------------------------------------------------------------------------------
Finished Applying XDC Timing Constraints : Time (s): cpu = 00:00:17 ; elapsed = 00:00:19 . Memory (MB): peak = 1997.023 ; gain = 589.406
---------------------------------------------------------------------------------
---------------------------------------------------------------------------------
Start Timing Optimization
---------------------------------------------------------------------------------
---------------------------------------------------------------------------------
Finished Timing Optimization : Time (s): cpu = 00:00:17 ; elapsed = 00:00:19 . Memory (MB): peak = 1997.023 ; gain = 589.406
---------------------------------------------------------------------------------
---------------------------------------------------------------------------------
Start Technology Mapping
---------------------------------------------------------------------------------
---------------------------------------------------------------------------------
Finished Technology Mapping : Time (s): cpu = 00:00:17 ; elapsed = 00:00:19 . Memory (MB): peak = 1997.023 ; gain = 589.406
---------------------------------------------------------------------------------
---------------------------------------------------------------------------------
Start IO Insertion
---------------------------------------------------------------------------------
---------------------------------------------------------------------------------
Start Flattening Before IO Insertion
---------------------------------------------------------------------------------
---------------------------------------------------------------------------------
Finished Flattening Before IO Insertion
---------------------------------------------------------------------------------
---------------------------------------------------------------------------------
Start Final Netlist Cleanup
---------------------------------------------------------------------------------
---------------------------------------------------------------------------------
Finished Final Netlist Cleanup
---------------------------------------------------------------------------------
---------------------------------------------------------------------------------
Finished IO Insertion : Time (s): cpu = 00:00:20 ; elapsed = 00:00:22 . Memory (MB): peak = 1997.023 ; gain = 589.406
---------------------------------------------------------------------------------
---------------------------------------------------------------------------------
Start Renaming Generated Instances
---------------------------------------------------------------------------------
---------------------------------------------------------------------------------
Finished Renaming Generated Instances : Time (s): cpu = 00:00:20 ; elapsed = 00:00:22 . Memory (MB): peak = 1997.023 ; gain = 589.406
---------------------------------------------------------------------------------
---------------------------------------------------------------------------------
Start Rebuilding User Hierarchy
---------------------------------------------------------------------------------
---------------------------------------------------------------------------------
Finished Rebuilding User Hierarchy : Time (s): cpu = 00:00:20 ; elapsed = 00:00:22 . Memory (MB): peak = 1997.023 ; gain = 589.406
---------------------------------------------------------------------------------
---------------------------------------------------------------------------------
Start Renaming Generated Ports
---------------------------------------------------------------------------------
---------------------------------------------------------------------------------
Finished Renaming Generated Ports : Time (s): cpu = 00:00:20 ; elapsed = 00:00:22 . Memory (MB): peak = 1997.023 ; gain = 589.406
---------------------------------------------------------------------------------
---------------------------------------------------------------------------------
Start Handling Custom Attributes
---------------------------------------------------------------------------------
---------------------------------------------------------------------------------
Finished Handling Custom Attributes : Time (s): cpu = 00:00:20 ; elapsed = 00:00:22 . Memory (MB): peak = 1997.023 ; gain = 589.406
---------------------------------------------------------------------------------
---------------------------------------------------------------------------------
Start Renaming Generated Nets
---------------------------------------------------------------------------------
---------------------------------------------------------------------------------
Finished Renaming Generated Nets : Time (s): cpu = 00:00:20 ; elapsed = 00:00:22 . Memory (MB): peak = 1997.023 ; gain = 589.406
---------------------------------------------------------------------------------
---------------------------------------------------------------------------------
Start Writing Synthesis Report
---------------------------------------------------------------------------------

Report BlackBoxes: 
+-+--------------+----------+
| |BlackBox name |Instances |
+-+--------------+----------+
+-+--------------+----------+

Report Cell Usage: 
+------+----------+------+
|      |Cell      |Count |
+------+----------+------+
|1     |LUT2      |     9|
|2     |LUT3      |    37|
|3     |LUT4      |    23|
|4     |LUT5      |    76|
|5     |LUT6      |    99|
|6     |OSERDESE2 |     8|
|8     |SRL16E    |    27|
|9     |FDCE      |    42|
|10    |FDRE      |    87|
|11    |OBUFDS    |     4|
+------+----------+------+
---------------------------------------------------------------------------------
Finished Writing Synthesis Report : Time (s): cpu = 00:00:20 ; elapsed = 00:00:22 . Memory (MB): peak = 1997.023 ; gain = 589.406
---------------------------------------------------------------------------------
Synthesis finished with 0 errors, 0 critical warnings and 1 warnings.
Synthesis Optimization Runtime : Time (s): cpu = 00:00:15 ; elapsed = 00:00:21 . Memory (MB): peak = 1997.023 ; gain = 508.520
Synthesis Optimization Complete : Time (s): cpu = 00:00:20 ; elapsed = 00:00:22 . Memory (MB): peak = 1997.023 ; gain = 589.406
INFO: [Project 1-571] Translating synthesized netlist
Netlist sorting complete. Time (s): cpu = 00:00:00 ; elapsed = 00:00:00.003 . Memory (MB): peak = 1997.023 ; gain = 0.000
INFO: [Netlist 29-17] Analyzing 4 Unisim elements for replacement
INFO: [Netlist 29-28] Unisim Transformation completed in 0 CPU seconds
INFO: [Project 1-570] Preparing netlist for logic optimization
INFO: [Opt 31-138] Pushed 0 inverter(s) to 0 load pin(s).
Netlist sorting complete. Time (s): cpu = 00:00:00 ; elapsed = 00:00:00 . Memory (MB): peak = 1997.023 ; gain = 0.000
INFO: [Project 1-111] Unisim Transformation Summary:
No Unisim elements were transformed.

Synth Design complete, checksum: 4dc3e266
INFO: [Common 17-83] Releasing license: Synthesis
45 Infos, 39 Warnings, 0 Critical Warnings and 0 Errors encountered.
synth_design completed successfully
synth_design: Time (s): cpu = 00:00:24 ; elapsed = 00:00:26 . Memory (MB): peak = 1997.023 ; gain = 964.602
INFO: [Common 17-1381] The checkpoint 'C:/Users/tyxiong2/Desktop/ece385_labs/lab6_1/lab6_1.runs/hdmi_tx_0_synth_1/hdmi_tx_0.dcp' has been generated.
INFO: [Coretcl 2-1648] Added synthesis output to IP cache for IP hdmi_tx_0, cache-ID = 7f7dcbe9c21cfd57
INFO: [Coretcl 2-1174] Renamed 9 cell refs.
INFO: [Common 17-1381] The checkpoint 'C:/Users/tyxiong2/Desktop/ece385_labs/lab6_1/lab6_1.runs/hdmi_tx_0_synth_1/hdmi_tx_0.dcp' has been generated.
INFO: [runtcl-4] Executing : report_utilization -file hdmi_tx_0_utilization_synth.rpt -pb hdmi_tx_0_utilization_synth.pb
INFO: [Common 17-206] Exiting Vivado at Thu Oct 24 17:22:38 2024...
