
*** Running vivado
    with args -log mb_usb_gpio_usb_rst_0.vds -m64 -product Vivado -mode batch -messageDb vivado.pb -notrace -source mb_usb_gpio_usb_rst_0.tcl



****** Vivado v2022.2 (64-bit)
  **** SW Build 3671981 on Fri Oct 14 05:00:03 MDT 2022
  **** IP Build 3669848 on Fri Oct 14 08:30:02 MDT 2022
    ** Copyright 1986-2022 Xilinx, Inc. All Rights Reserved.

source mb_usb_gpio_usb_rst_0.tcl -notrace
create_project: Time (s): cpu = 00:00:04 ; elapsed = 00:00:05 . Memory (MB): peak = 1001.617 ; gain = 117.863
INFO: [IP_Flow 19-234] Refreshing IP repositories
INFO: [IP_Flow 19-1700] Loaded user IP repository 'c:/Users/tyxiong2/Downloads/hdmi_tx_1.0'.
INFO: [IP_Flow 19-2313] Loaded Vivado IP repository 'C:/Xilinx/Vivado/2022.2/data/ip'.
INFO: [IP_Flow 19-6924] IPCACHE: Running cache check for IP inst: mb_usb_gpio_usb_rst_0
INFO: [IP_Flow 19-6922] IPCACHE: Exporting cached entry 0d35a43ee54ce79e to dir: C:/Users/tyxiong2/Desktop/ece385_labs/lab6_1/lab6_1.runs/mb_usb_gpio_usb_rst_0_synth_1
INFO: [IP_Flow 19-6928] IPCACHE: copied cached file c:/Users/tyxiong2/Desktop/ece385_labs/lab6_1/lab6_1.cache/ip/2022.2/0/d/0d35a43ee54ce79e/mp_block_axi_gpio_0_0.dcp to C:/Users/tyxiong2/Desktop/ece385_labs/lab6_1/lab6_1.runs/mb_usb_gpio_usb_rst_0_synth_1/mb_usb_gpio_usb_rst_0.dcp.
INFO: [IP_Flow 19-6928] IPCACHE: copied cached file c:/Users/tyxiong2/Desktop/ece385_labs/lab6_1/lab6_1.cache/ip/2022.2/0/d/0d35a43ee54ce79e/mp_block_axi_gpio_0_0_sim_netlist.v to C:/Users/tyxiong2/Desktop/ece385_labs/lab6_1/lab6_1.runs/mb_usb_gpio_usb_rst_0_synth_1/mb_usb_gpio_usb_rst_0_sim_netlist.v.
INFO: [IP_Flow 19-6928] IPCACHE: copied cached file c:/Users/tyxiong2/Desktop/ece385_labs/lab6_1/lab6_1.cache/ip/2022.2/0/d/0d35a43ee54ce79e/mp_block_axi_gpio_0_0_sim_netlist.vhdl to C:/Users/tyxiong2/Desktop/ece385_labs/lab6_1/lab6_1.runs/mb_usb_gpio_usb_rst_0_synth_1/mb_usb_gpio_usb_rst_0_sim_netlist.vhdl.
INFO: [IP_Flow 19-6928] IPCACHE: copied cached file c:/Users/tyxiong2/Desktop/ece385_labs/lab6_1/lab6_1.cache/ip/2022.2/0/d/0d35a43ee54ce79e/mp_block_axi_gpio_0_0_stub.v to C:/Users/tyxiong2/Desktop/ece385_labs/lab6_1/lab6_1.runs/mb_usb_gpio_usb_rst_0_synth_1/mb_usb_gpio_usb_rst_0_stub.v.
INFO: [IP_Flow 19-6928] IPCACHE: copied cached file c:/Users/tyxiong2/Desktop/ece385_labs/lab6_1/lab6_1.cache/ip/2022.2/0/d/0d35a43ee54ce79e/mp_block_axi_gpio_0_0_stub.vhdl to C:/Users/tyxiong2/Desktop/ece385_labs/lab6_1/lab6_1.runs/mb_usb_gpio_usb_rst_0_synth_1/mb_usb_gpio_usb_rst_0_stub.vhdl.
INFO: [IP_Flow 19-4838] Using cached IP synthesis design for IP mb_usb_gpio_usb_rst_0, cache-ID = 0d35a43ee54ce79e.
INFO: [Common 17-206] Exiting Vivado at Wed Oct 23 21:41:38 2024...
